<?xml version="1.0" encoding="UTF-8"?>
<testng-results skipped="0" failed="0" ignored="0" total="1" passed="1">
  <reporter-output>
  </reporter-output>
  <suite name="Default suite" duration-ms="10254" started-at="2022-08-27T12:44:41 EET" finished-at="2022-08-27T12:44:52 EET">
    <groups>
    </groups>
    <test name="Default test" duration-ms="10254" started-at="2022-08-27T12:44:41 EET" finished-at="2022-08-27T12:44:52 EET">
      <class name="tests.TestSearchResultsOfPage2EqualsPage3">
        <test-method status="PASS" signature="setUp()[pri:0, instance:tests.TestSearchResultsOfPage2EqualsPage3@11758f2a]" name="setUp" is-config="true" duration-ms="6140" started-at="2022-08-27T12:44:41 EET" finished-at="2022-08-27T12:44:47 EET">
          <reporter-output>
          </reporter-output>
        </test-method> <!-- setUp -->
        <test-method status="PASS" signature="searchResultsOfPage2EqualsPage3Test()[pri:0, instance:tests.TestSearchResultsOfPage2EqualsPage3@11758f2a]" name="searchResultsOfPage2EqualsPage3Test" duration-ms="3362" started-at="2022-08-27T12:44:48 EET" finished-at="2022-08-27T12:44:51 EET">
          <reporter-output>
          </reporter-output>
        </test-method> <!-- searchResultsOfPage2EqualsPage3Test -->
        <test-method status="PASS" signature="tearDown()[pri:0, instance:tests.TestSearchResultsOfPage2EqualsPage3@11758f2a]" name="tearDown" is-config="true" duration-ms="724" started-at="2022-08-27T12:44:51 EET" finished-at="2022-08-27T12:44:52 EET">
          <reporter-output>
          </reporter-output>
        </test-method> <!-- tearDown -->
      </class> <!-- tests.TestSearchResultsOfPage2EqualsPage3 -->
    </test> <!-- Default test -->
  </suite> <!-- Default suite -->
</testng-results>
